2025-11-19 16:08:25,930 [INFO] ======================================================================
2025-11-19 16:08:25,931 [INFO] LSTM Frequency Extraction System
2025-11-19 16:08:25,931 [INFO] ======================================================================
2025-11-19 16:08:25,931 [INFO] Mode: data
2025-11-19 16:08:25,931 [INFO] Configuration: config.yaml
2025-11-19 16:08:25,931 [INFO] Start time: 2025-11-19 16:08:25
2025-11-19 16:08:25,931 [INFO] ======================================================================
2025-11-19 16:08:25,931 [INFO] 
2025-11-19 16:08:25,931 [INFO] ======================================================================
2025-11-19 16:08:25,931 [INFO] PHASE 1: Data Generation
2025-11-19 16:08:25,931 [INFO] ======================================================================
2025-11-19 16:08:25,931 [INFO] Generating training set (Seed #1)...
2025-11-19 16:08:26,049 [INFO] Generating test set (Seed #2)...
2025-11-19 16:08:26,159 [INFO] ✓ Data generation complete

2025-11-19 16:08:26,159 [INFO] ======================================================================
2025-11-19 16:08:26,159 [INFO] PIPELINE COMPLETE
2025-11-19 16:08:26,159 [INFO] End time: 2025-11-19 16:08:26
2025-11-19 16:08:26,159 [INFO] ======================================================================
2025-11-19 18:43:34,602 [INFO] ======================================================================
2025-11-19 18:43:34,604 [INFO] LSTM Frequency Extraction System
2025-11-19 18:43:34,604 [INFO] ======================================================================
2025-11-19 18:43:34,604 [INFO] Mode: data
2025-11-19 18:43:34,604 [INFO] Configuration: config.yaml
2025-11-19 18:43:34,604 [INFO] Start time: 2025-11-19 18:43:34
2025-11-19 18:43:34,604 [INFO] ======================================================================
2025-11-19 18:43:34,604 [INFO] 
2025-11-19 18:43:34,604 [INFO] ======================================================================
2025-11-19 18:43:34,604 [INFO] PHASE 1: Data Generation
2025-11-19 18:43:34,605 [INFO] ======================================================================
2025-11-19 18:43:34,605 [INFO] Generating training set (Seed #1)...
2025-11-19 18:43:34,771 [INFO] Generating test set (Seed #2)...
2025-11-19 18:43:34,878 [INFO] ✓ Data generation complete

2025-11-19 18:43:34,878 [INFO] ======================================================================
2025-11-19 18:43:34,878 [INFO] PIPELINE COMPLETE
2025-11-19 18:43:34,878 [INFO] End time: 2025-11-19 18:43:34
2025-11-19 18:43:34,878 [INFO] ======================================================================
2025-11-19 18:43:38,350 [INFO] ======================================================================
2025-11-19 18:43:38,350 [INFO] LSTM Frequency Extraction System
2025-11-19 18:43:38,350 [INFO] ======================================================================
2025-11-19 18:43:38,350 [INFO] Mode: train
2025-11-19 18:43:38,350 [INFO] Configuration: config.yaml
2025-11-19 18:43:38,351 [INFO] Start time: 2025-11-19 18:43:38
2025-11-19 18:43:38,351 [INFO] ======================================================================
2025-11-19 18:43:38,351 [INFO] 
2025-11-19 18:43:38,363 [INFO] ======================================================================
2025-11-19 18:43:38,363 [INFO] PHASE 2 & 3: Model Training
2025-11-19 18:43:38,363 [INFO] ======================================================================
2025-11-19 18:43:38,363 [INFO] Using device: cpu
2025-11-19 18:43:38,367 [INFO] ============================================================
FrequencyLSTM Model Summary
============================================================
Input size:       5
Hidden size:      128
Num layers:       1
Dropout:          0.0
Output size:      1
------------------------------------------------------------
LSTM parameters:  69,120
FC parameters:    129
Total parameters: 69,249
============================================================

Architecture:
  Input (5) → LSTM (128) → FC (1) → Output

State shapes (for batch_size=1):
  Hidden state: (1, 1, 128)
  Cell state:   (1, 1, 128)
============================================================
2025-11-19 18:52:02,924 [WARNING] 

Interrupted by user
2025-11-19 18:52:05,928 [INFO] ======================================================================
2025-11-19 18:52:05,929 [INFO] LSTM Frequency Extraction System
2025-11-19 18:52:05,929 [INFO] ======================================================================
2025-11-19 18:52:05,929 [INFO] Mode: data
2025-11-19 18:52:05,929 [INFO] Configuration: config.yaml
2025-11-19 18:52:05,929 [INFO] Start time: 2025-11-19 18:52:05
2025-11-19 18:52:05,929 [INFO] ======================================================================
2025-11-19 18:52:05,929 [INFO] 
2025-11-19 18:52:05,929 [INFO] ======================================================================
2025-11-19 18:52:05,930 [INFO] PHASE 1: Data Generation
2025-11-19 18:52:05,930 [INFO] ======================================================================
2025-11-19 18:52:05,930 [INFO] Generating training set (Seed #1)...
2025-11-19 18:52:06,055 [INFO] Generating test set (Seed #2)...
2025-11-19 18:52:06,182 [INFO] ✓ Data generation complete

2025-11-19 18:52:06,182 [INFO] ======================================================================
2025-11-19 18:52:06,182 [INFO] PIPELINE COMPLETE
2025-11-19 18:52:06,182 [INFO] End time: 2025-11-19 18:52:06
2025-11-19 18:52:06,182 [INFO] ======================================================================
2025-11-19 18:52:08,686 [INFO] ======================================================================
2025-11-19 18:52:08,686 [INFO] LSTM Frequency Extraction System
2025-11-19 18:52:08,686 [INFO] ======================================================================
2025-11-19 18:52:08,686 [INFO] Mode: train
2025-11-19 18:52:08,686 [INFO] Configuration: config.yaml
2025-11-19 18:52:08,686 [INFO] Start time: 2025-11-19 18:52:08
2025-11-19 18:52:08,686 [INFO] ======================================================================
2025-11-19 18:52:08,686 [INFO] 
2025-11-19 18:52:08,698 [INFO] ======================================================================
2025-11-19 18:52:08,698 [INFO] PHASE 2 & 3: Model Training
2025-11-19 18:52:08,698 [INFO] ======================================================================
2025-11-19 18:52:08,698 [INFO] Using device: cpu
2025-11-19 18:52:08,699 [INFO] ============================================================
FrequencyLSTM Model Summary
============================================================
Input size:       5
Hidden size:      128
Num layers:       1
Dropout:          0.0
Output size:      1
------------------------------------------------------------
LSTM parameters:  69,120
FC parameters:    129
Total parameters: 69,249
============================================================

Architecture:
  Input (5) → LSTM (128) → FC (1) → Output

State shapes (for batch_size=1):
  Hidden state: (1, 1, 128)
  Cell state:   (1, 1, 128)
============================================================
2025-11-19 18:54:11,806 [INFO] ✓ Training complete

2025-11-19 18:54:11,807 [INFO] ======================================================================
2025-11-19 18:54:11,807 [INFO] PIPELINE COMPLETE
2025-11-19 18:54:11,807 [INFO] End time: 2025-11-19 18:54:11
2025-11-19 18:54:11,807 [INFO] ======================================================================
2025-11-19 18:54:28,057 [INFO] ======================================================================
2025-11-19 18:54:28,057 [INFO] LSTM Frequency Extraction System
2025-11-19 18:54:28,057 [INFO] ======================================================================
2025-11-19 18:54:28,057 [INFO] Mode: eval
2025-11-19 18:54:28,057 [INFO] Configuration: config.yaml
2025-11-19 18:54:28,057 [INFO] Start time: 2025-11-19 18:54:28
2025-11-19 18:54:28,057 [INFO] ======================================================================
2025-11-19 18:54:28,058 [INFO] 
2025-11-19 18:54:28,058 [INFO] ======================================================================
2025-11-19 18:54:28,058 [INFO] PHASE 4: Evaluation
2025-11-19 18:54:28,058 [INFO] ======================================================================
2025-11-19 18:54:28,061 [INFO] Loaded model from epoch 99
2025-11-19 18:54:28,687 [INFO] ✓ Evaluation complete

2025-11-19 18:54:28,688 [INFO] ======================================================================
2025-11-19 18:54:28,688 [INFO] PIPELINE COMPLETE
2025-11-19 18:54:28,688 [INFO] End time: 2025-11-19 18:54:28
2025-11-19 18:54:28,688 [INFO] ======================================================================
2025-11-19 18:54:41,981 [INFO] ======================================================================
2025-11-19 18:54:41,981 [INFO] LSTM Frequency Extraction System
2025-11-19 18:54:41,981 [INFO] ======================================================================
2025-11-19 18:54:41,981 [INFO] Mode: viz
2025-11-19 18:54:41,981 [INFO] Configuration: config.yaml
2025-11-19 18:54:41,981 [INFO] Start time: 2025-11-19 18:54:41
2025-11-19 18:54:41,981 [INFO] ======================================================================
2025-11-19 18:54:41,981 [INFO] 
2025-11-19 18:54:41,982 [INFO] ======================================================================
2025-11-19 18:54:41,982 [INFO] PHASE 5: Visualization
2025-11-19 18:54:41,982 [INFO] ======================================================================
2025-11-19 18:54:42,515 [INFO] ✓ Visualization complete

2025-11-19 18:54:42,515 [INFO] ======================================================================
2025-11-19 18:54:42,515 [INFO] PIPELINE COMPLETE
2025-11-19 18:54:42,515 [INFO] End time: 2025-11-19 18:54:42
2025-11-19 18:54:42,515 [INFO] ======================================================================
2025-11-19 23:09:02,006 [INFO] ======================================================================
2025-11-19 23:09:02,007 [INFO] LSTM Frequency Extraction System
2025-11-19 23:09:02,007 [INFO] ======================================================================
2025-11-19 23:09:02,007 [INFO] Mode: ui
2025-11-19 23:09:02,007 [INFO] Configuration: config.yaml
2025-11-19 23:09:02,007 [INFO] Start time: 2025-11-19 23:09:02
2025-11-19 23:09:02,007 [INFO] ======================================================================
2025-11-19 23:09:02,007 [INFO] 
2025-11-19 23:09:02,010 [INFO] ======================================================================
2025-11-19 23:09:02,010 [INFO] PHASE: UI Dashboard
2025-11-19 23:09:02,010 [INFO] ======================================================================
2025-11-19 23:09:02,010 [INFO] Launching UI Dashboard...
2025-11-19 23:09:02,011 [INFO] Press Ctrl+C to stop the server.
2025-11-19 23:09:13,490 [WARNING] 

Interrupted by user
2025-11-19 23:09:15,493 [INFO] ======================================================================
2025-11-19 23:09:15,493 [INFO] LSTM Frequency Extraction System
2025-11-19 23:09:15,493 [INFO] ======================================================================
2025-11-19 23:09:15,493 [INFO] Mode: data
2025-11-19 23:09:15,493 [INFO] Configuration: config.yaml
2025-11-19 23:09:15,494 [INFO] Start time: 2025-11-19 23:09:15
2025-11-19 23:09:15,494 [INFO] ======================================================================
2025-11-19 23:09:15,494 [INFO] 
2025-11-19 23:09:15,496 [INFO] ======================================================================
2025-11-19 23:09:15,496 [INFO] PHASE: Data Generation
2025-11-19 23:09:15,497 [INFO] ======================================================================
2025-11-19 23:09:15,497 [INFO] Generating training set (Seed #1)...
2025-11-19 23:09:15,674 [INFO] Generating test set (Seed #2)...
2025-11-19 23:09:15,846 [INFO] ✓ Data Generation complete

2025-11-19 23:09:15,846 [INFO] ======================================================================
2025-11-19 23:09:15,846 [INFO] PIPELINE COMPLETE SUCCESS
2025-11-19 23:09:15,846 [INFO] End time: 2025-11-19 23:09:15
2025-11-19 23:09:15,846 [INFO] ======================================================================
2025-11-19 23:09:31,267 [INFO] ======================================================================
2025-11-19 23:09:31,267 [INFO] LSTM Frequency Extraction System
2025-11-19 23:09:31,267 [INFO] ======================================================================
2025-11-19 23:09:31,267 [INFO] Mode: ui
2025-11-19 23:09:31,267 [INFO] Configuration: config.yaml
2025-11-19 23:09:31,267 [INFO] Start time: 2025-11-19 23:09:31
2025-11-19 23:09:31,267 [INFO] ======================================================================
2025-11-19 23:09:31,267 [INFO] 
2025-11-19 23:09:31,270 [INFO] ======================================================================
2025-11-19 23:09:31,270 [INFO] PHASE: UI Dashboard
2025-11-19 23:09:31,270 [INFO] ======================================================================
2025-11-19 23:09:31,270 [INFO] Launching UI Dashboard...
2025-11-19 23:09:31,270 [INFO] Press Ctrl+C to stop the server.
2025-11-19 23:09:41,604 [WARNING] 

Interrupted by user
2025-11-19 23:11:14,268 [INFO] ======================================================================
2025-11-19 23:11:14,268 [INFO] LSTM Frequency Extraction System
2025-11-19 23:11:14,268 [INFO] ======================================================================
2025-11-19 23:11:14,268 [INFO] Mode: ui
2025-11-19 23:11:14,268 [INFO] Configuration: config.yaml
2025-11-19 23:11:14,268 [INFO] Start time: 2025-11-19 23:11:14
2025-11-19 23:11:14,268 [INFO] ======================================================================
2025-11-19 23:11:14,268 [INFO] 
2025-11-19 23:11:14,271 [INFO] ======================================================================
2025-11-19 23:11:14,271 [INFO] PHASE: UI Dashboard
2025-11-19 23:11:14,271 [INFO] ======================================================================
2025-11-19 23:11:14,271 [INFO] Launching UI Dashboard...
2025-11-19 23:11:14,271 [INFO] Press Ctrl+C to stop the server.
